<?xml version="1.0" encoding="UTF-8"?>
<!-- Generated by org.testng.reporters.JUnitXMLReporter -->
<testsuite hostname="DDCL-SOSA" name="order" tests="3" failures="0" timestamp="22 Mar 2016 14:43:54 GMT" time="0.029" errors="0">
  <testcase name="testPrintMessage" time="0.012" classname="mypackage.GroupTestExample"/>
  <testcase name="testSalutationMessage" time="0.001" classname="mypackage.GroupTestExample"/>
  <testcase name="testingExitMessage" time="0.001" classname="mypackage.GroupTestExample"/>
</testsuite> <!-- order -->
