<?xml version="1.0" encoding="UTF-8"?>
<testng-results skipped="0" failed="0" total="1" passed="1">
  <reporter-output>
  </reporter-output>
  <suite name="Default suite" duration-ms="37582" started-at="2016-03-24T01:11:02Z" finished-at="2016-03-24T01:11:40Z">
    <groups>
      <group name="firefox">
        <method signature="GitHubLoginLogout.testLoginLogout()[pri:0, instance:github.test.LoginLogout.GitHubLoginLogout@11dc3715]" name="testLoginLogout" class="github.test.LoginLogout.GitHubLoginLogout"/>
      </group> <!-- firefox -->
      <group name="ChromeWin32">
        <method signature="GitHubLoginLogout.testLoginLogout()[pri:0, instance:github.test.LoginLogout.GitHubLoginLogout@11dc3715]" name="testLoginLogout" class="github.test.LoginLogout.GitHubLoginLogout"/>
      </group> <!-- ChromeWin32 -->
      <group name="IEWin32">
        <method signature="GitHubLoginLogout.testLoginLogout()[pri:0, instance:github.test.LoginLogout.GitHubLoginLogout@11dc3715]" name="testLoginLogout" class="github.test.LoginLogout.GitHubLoginLogout"/>
      </group> <!-- IEWin32 -->
    </groups>
    <test name="Default test" duration-ms="37582" started-at="2016-03-24T01:11:02Z" finished-at="2016-03-24T01:11:40Z">
      <class name="github.test.LoginLogout.GitHubLoginLogout">
        <test-method status="PASS" signature="setUpBrowser(java.lang.String, java.lang.String, java.lang.String, java.lang.String)[pri:0, instance:github.test.LoginLogout.GitHubLoginLogout@11dc3715]" name="setUpBrowser" is-config="true" duration-ms="5148" started-at="2016-03-23T20:11:02Z" finished-at="2016-03-23T20:11:07Z">
          <params>
            <param index="0">
              <value>
                <![CDATA[chrome]]>
              </value>
            </param>
            <param index="1">
              <value>
                <![CDATA[false]]>
              </value>
            </param>
            <param index="2">
              <value>
                <![CDATA[0]]>
              </value>
            </param>
            <param index="3">
              <value>
                <![CDATA[0]]>
              </value>
            </param>
          </params>
          <reporter-output>
          </reporter-output>
        </test-method> <!-- setUpBrowser -->
        <test-method status="PASS" signature="testLoginLogout()[pri:0, instance:github.test.LoginLogout.GitHubLoginLogout@11dc3715]" name="testLoginLogout" duration-ms="29446" started-at="2016-03-23T20:11:07Z" finished-at="2016-03-23T20:11:37Z">
          <reporter-output>
          </reporter-output>
        </test-method> <!-- testLoginLogout -->
        <test-method status="PASS" signature="tearDown()[pri:0, instance:github.test.LoginLogout.GitHubLoginLogout@11dc3715]" name="tearDown" is-config="true" duration-ms="2958" started-at="2016-03-23T20:11:37Z" finished-at="2016-03-23T20:11:40Z">
          <reporter-output>
          </reporter-output>
        </test-method> <!-- tearDown -->
      </class> <!-- github.test.LoginLogout.GitHubLoginLogout -->
    </test> <!-- Default test -->
  </suite> <!-- Default suite -->
</testng-results>
